[debug] [2025-05-19T20:00:43.898Z] ----------------------------------------------------------------------
[debug] [2025-05-19T20:00:43.899Z] Command:       /Users/near/.nvm/versions/node/v20.19.2/bin/node /Users/near/Documents/Projets/WEB's/ceom-platform/node_modules/.bin/firebase init
[debug] [2025-05-19T20:00:43.899Z] CLI Version:   14.4.0
[debug] [2025-05-19T20:00:43.899Z] Platform:      darwin
[debug] [2025-05-19T20:00:43.899Z] Node Version:  v20.19.2
[debug] [2025-05-19T20:00:43.899Z] Time:          Mon May 19 2025 16:00:43 GMT-0400 (Bolivia Time)
[debug] [2025-05-19T20:00:43.899Z] ----------------------------------------------------------------------
[debug] 
[debug] [2025-05-19T20:00:43.900Z] >>> [apiv2][query] GET https://firebase-public.firebaseio.com/cli.json [none]
[debug] [2025-05-19T20:00:43.930Z] > command requires scopes: ["email","openid","https://www.googleapis.com/auth/cloudplatformprojects.readonly","https://www.googleapis.com/auth/firebase","https://www.googleapis.com/auth/cloud-platform"]
[debug] [2025-05-19T20:00:43.930Z] > authorizing via signed-in user (raynertc18@gmail.com)
[info] 
     ######## #### ########  ######## ########     ###     ######  ########
     ##        ##  ##     ## ##       ##     ##  ##   ##  ##       ##
     ######    ##  ########  ######   ########  #########  ######  ######
     ##        ##  ##    ##  ##       ##     ## ##     ##       ## ##
     ##       #### ##     ## ######## ########  ##     ##  ######  ########

You're about to initialize a Firebase project in this directory:

  /Users/near/Documents/Projets/WEB's/ceom-platform

[debug] [2025-05-19T20:00:44.581Z] <<< [apiv2][status] GET https://firebase-public.firebaseio.com/cli.json 200
[debug] [2025-05-19T20:00:44.581Z] <<< [apiv2][body] GET https://firebase-public.firebaseio.com/cli.json {"cloudBuildErrorAfter":1594252800000,"cloudBuildWarnAfter":1590019200000,"defaultNode10After":1594252800000,"minVersion":"3.0.5","node8DeploysDisabledAfter":1613390400000,"node8RuntimeDisabledAfter":1615809600000,"node8WarnAfter":1600128000000}
[info] 
=== Project Setup
[info] 
[info] First, let's associate this project directory with a Firebase project.
[info] You can create multiple project aliases by running firebase use --add, 
[info] but for now we'll just set up a default project.
[info] 
[info] 
=== Firestore Setup
[info] 
[info] Firestore Security Rules allow you to define how and when to allow
[info] requests. You can keep these rules in your project directory
[info] and publish them with firebase deploy.
[info] 
[info] 
[info] Firestore indexes allow you to perform complex queries while
[info] maintaining performance that scales with the size of the result
[info] set. You can keep index definitions in your project directory
[info] and publish them with firebase deploy.
[info] 
[info] 
=== Emulators Setup
[debug] [2025-05-19T21:18:57.764Z] ExitPromptError: User force closed the prompt with SIGINT
    at Interface.sigint (/Users/near/Documents/Projets/WEB's/ceom-platform/node_modules/@inquirer/core/dist/commonjs/lib/create-prompt.js:100:37)
    at Interface.emit (node:events:524:28)
    at Interface.emit (node:domain:489:12)
    at [_ttyWrite] [as _ttyWrite] (node:internal/readline/interface:1125:18)
    at ReadStream.onkeypress (node:internal/readline/interface:264:20)
    at ReadStream.emit (node:events:536:35)
    at ReadStream.emit (node:domain:489:12)
    at emitKeys (node:internal/readline/utils:371:14)
    at emitKeys.next (<anonymous>)
    at ReadStream.onData (node:internal/readline/emitKeypressEvents:64:36)
[error] 
[error] Error: An unexpected error has occurred.
